import supabase from '@/lib/supabase';
import { prisma } from '@/lib/prisma';
import { getSession } from '@/lib/session';
import { findOrCreateApp } from '@/lib/svix';
import { Role, Team } from '@prisma/client';
import type { NextApiRequest, NextApiResponse } from 'next';
import { getCurrentUser } from './user';
import { normalizeUser } from './user';
import { validateWithSchema, teamSlugSchema } from '@/lib/zod';

export const createTeam = async (param: {
  userId: string;
  name: string;
  slug: string;
}) => {
  const { userId, name, slug } = param;

  if (!supabase) throw new Error('Supabase not configured');
  const { data: team, error } = await supabase
    .from('Team')
    .insert({ name, slug })
    .select()
    .single();
  if (error) throw error;

  await addTeamMember(team.id, userId, Role.OWNER);

  await findOrCreateApp(team.name, team.id);

  return team;
};

export const getByCustomerId = async (
  billingId: string
): Promise<Team | null> => {
  if (!supabase) throw new Error('Supabase not configured');
  const { data, error } = await supabase
    .from('Team')
    .select('*')
    .eq('billingId', billingId)
    .maybeSingle();
  if (error) throw error;
  return data;
};

export const getTeam = async (key: { id: string } | { slug: string }) => {
  if (!supabase) throw new Error('Supabase not configured');
  const { data, error } = await supabase
    .from('Team')
    .select('*')
    .match(key)
    .maybeSingle();
  if (error || !data) throw error || new Error('Team not found');
  return data;
};

export const deleteTeam = async (key: { id: string } | { slug: string }) => {
  if (!supabase) throw new Error('Supabase not configured');
  const { data, error } = await supabase
    .from('Team')
    .delete()
    .match(key)
    .select()
    .single();
  if (error) throw error;
  return data;
};

export const addTeamMember = async (
  teamId: string,
  userId: string,
  role: Role
) => {
  if (!supabase) throw new Error('Supabase not configured');
  const { data, error } = await supabase
    .from('TeamMember')
    .upsert({ teamId, userId, role })
    .select()
    .single();
  if (error) throw error;
  return data;
};

export const removeTeamMember = async (teamId: string, userId: string) => {
  if (!supabase) throw new Error('Supabase not configured');
  const { data, error } = await supabase
    .from('TeamMember')
    .delete()
    .match({ teamId, userId })
    .select()
    .single();
  if (error) throw error;
  return data;
};

/*
Hash Left Join  (cost=103.06..271.50 rows=48 width=184) (actual time=1.498..1.813 rows=48 loops=1)
  Hash Cond: ("Team".id = "aggr_selection_0_TeamMember"."teamId")
  ->  Nested Loop  (cost=4.82..172.89 rows=48 width=148) (actual time=0.080..0.364 rows=48 loops=1)
        ->  Bitmap Heap Scan on "TeamMember" t1  (cost=4.65..61.77 rows=48 width=37) (actual time=0.038..0.048 rows=48 loops=1)
              Recheck Cond: ("userId" = '5de1dfe6-edc0-4ef8-9858-0f7250b1022e'::text)
              Filter: ("teamId" IS NOT NULL)
              Heap Blocks: exact=1
              ->  Bitmap Index Scan on "TeamMember_userId_idx"  (cost=0.00..4.64 rows=48 width=0) (actual time=0.026..0.027 rows=48 loops=1)
                    Index Cond: ("userId" = '5de1dfe6-edc0-4ef8-9858-0f7250b1022e'::text)
        ->  Memoize  (cost=0.17..3.52 rows=1 width=148) (actual time=0.006..0.006 rows=1 loops=48)
              Cache Key: t1."teamId"
              Cache Mode: logical
              Hits: 0  Misses: 48  Evictions: 0  Overflows: 0  Memory Usage: 12kB
              ->  Index Scan using "Team_pkey" on "Team"  (cost=0.15..3.51 rows=1 width=148) (actual time=0.003..0.003 rows=1 loops=48)
                    Index Cond: (id = t1."teamId")
  ->  Hash  (cost=97.62..97.62 rows=50 width=45) (actual time=1.328..1.329 rows=50 loops=1)
        Buckets: 1024  Batches: 1  Memory Usage: 12kB
        ->  Subquery Scan on "aggr_selection_0_TeamMember"  (cost=96.62..97.62 rows=50 width=45) (actual time=1.274..1.292 rows=50 loops=1)
              ->  HashAggregate  (cost=96.62..97.12 rows=50 width=45) (actual time=1.274..1.284 rows=50 loops=1)
                    Group Key: "TeamMember"."teamId"
                    Batches: 1  Memory Usage: 24kB
                    ->  Seq Scan on "TeamMember"  (cost=0.00..83.08 rows=2708 width=37) (actual time=0.004..0.402 rows=2708 loops=1)
Planning Time: 1.276 ms
Execution Time: 2.036 ms
*/

/*
SELECT 
    "public"."Team"."id", 
    "public"."Team"."name", 
    "public"."Team"."slug", 
    "public"."Team"."domain", 
    "public"."Team"."defaultRole"::text, 
    "public"."Team"."createdAt", 
    "public"."Team"."updatedAt", 
    "aggr_selection_0_TeamMember"."_aggr_count_members" 
FROM "public"."Team" 
LEFT JOIN (
    SELECT "public"."TeamMember"."teamId", COUNT(*) AS "_aggr_count_members" FROM 
    "public"."TeamMember" WHERE 1=1 GROUP BY "public"."TeamMember"."teamId") AS "aggr_selection_0_TeamMember" 
    ON ("public"."Team"."id" = "aggr_selection_0_TeamMember"."teamId"
    ) WHERE 
    ("public"."Team"."id") IN (SELECT "t1"."teamId" FROM "public"."TeamMember" AS "t1" 
WHERE ("t1"."userId" = '34f3bc0e-e955-400b-892e-395edc6fa727' AND "t1"."teamId" IS NOT NULL)) 
OFFSET 0
 */

/*
Nested Loop  (cost=1.01..3.09 rows=1 width=139) (actual time=0.169..0.172 rows=1 loops=1)
  Join Filter: ("Team".id = t1."teamId")
  ->  Nested Loop Left Join  (cost=1.01..2.06 rows=1 width=111) (actual time=0.101..0.102 rows=1 loops=1)
        Join Filter: ("Team".id = "TeamMember"."teamId")
        ->  Seq Scan on "Team"  (cost=0.00..1.01 rows=1 width=103) (actual time=0.053..0.054 rows=1 loops=1)
        ->  HashAggregate  (cost=1.01..1.02 rows=1 width=45) (actual time=0.034..0.034 rows=1 loops=1)
              Group Key: "TeamMember"."teamId"
              Batches: 1  Memory Usage: 24kB
              ->  Seq Scan on "TeamMember"  (cost=0.00..1.01 rows=1 width=37) (actual time=0.023..0.024 rows=1 loops=1)
  ->  Seq Scan on "TeamMember" t1  (cost=0.00..1.01 rows=1 width=37) (actual time=0.002..0.002 rows=1 loops=1)
        Filter: (("teamId" IS NOT NULL) AND ("userId" = '34f3bc0e-e955-400b-892e-395edc6fa727'::text))
Planning Time: 2.566 ms
Execution Time: 0.322 ms
*/
export const getTeams = async (userId: string) => {
  return await prisma.team.findMany({
    where: {
      members: {
        some: {
          userId,
        },
      },
    },
    include: {
      _count: {
        select: { members: true },
      },
    },
  });
};

export async function getTeamRoles(userId: string) {
  return await prisma.teamMember.findMany({
    where: {
      userId,
    },
    select: {
      teamId: true,
      role: true,
    },
  });
}

// Check if the user is an admin or owner of the team
export async function isTeamAdmin(userId: string, teamId: string) {
  const teamMember = await prisma.teamMember.findUniqueOrThrow({
    where: {
      teamId_userId: {
        userId,
        teamId,
      },
    },
  });

  return teamMember.role === Role.ADMIN || teamMember.role === Role.OWNER;
}

/*
Nested Loop  (cost=4.85..71.87 rows=1 width=159) (actual time=0.127..0.397 rows=58 loops=1)
  ->  Index Scan using "Team_slug_key" on "Team" j1  (cost=0.15..8.17 rows=1 width=32) (actual time=0.027..0.028 rows=1 loops=1)
        Index Cond: (slug = 'beahan,-gusikowski-and-satterfield'::text)
        Filter: (id IS NOT NULL)
  ->  Bitmap Heap Scan on "TeamMember"  (cost=4.70..63.15 rows=54 width=131) (actual time=0.067..0.316 rows=58 loops=1)
        Recheck Cond: ("teamId" = j1.id)
        Heap Blocks: exact=47
        ->  Bitmap Index Scan on "TeamMember_teamId_userId_key"  (cost=0.00..4.69 rows=54 width=0) (actual time=0.061..0.061 rows=58 loops=1)
              Index Cond: ("teamId" = j1.id)
Planning Time: 1.273 ms
Execution Time: 0.440 ms

Index Scan using "User_pkey" on "User"  (cost=0.14..8.16 rows=1 width=98) (actual time=0.048..0.048 rows=1 loops=1)
  Index Cond: (id = '5de1dfe6-edc0-4ef8-9858-0f7250b1022e'::text)
Planning Time: 0.682 ms
Execution Time: 0.057 ms
*/

/*
SELECT 
  "public"."TeamMember"."id", 
  "public"."TeamMember"."teamId", 
  "public"."TeamMember"."userId", 
  "public"."TeamMember"."role"::text, 
  "public"."TeamMember"."createdAt", 
  "public"."TeamMember"."updatedAt" 
FROM "public"."TeamMember" LEFT JOIN "public"."Team" AS "j1" ON ("j1"."id") = ("public"."TeamMember"."teamId") 
WHERE ("j1"."slug" = 'boxyhq' AND ("j1"."id" IS NOT NULL)) OFFSET 0;

SELECT 
  "public"."User"."id", 
  "public"."User"."name", 
  "public"."User"."email", 
  "public"."User"."image" 
FROM "public"."User" 
WHERE "public"."User"."id" IN ('34f3bc0e-e955-400b-892e-395edc6fa727') OFFSET 0;
*/

/*
Nested Loop  (cost=0.00..2.04 rows=1 width=159) (actual time=0.088..0.089 rows=1 loops=1)
  Join Filter: ("TeamMember"."teamId" = j1.id)
  ->  Seq Scan on "TeamMember"  (cost=0.00..1.01 rows=1 width=131) (actual time=0.041..0.041 rows=1 loops=1)
  ->  Seq Scan on "Team" j1  (cost=0.00..1.01 rows=1 width=37) (actual time=0.003..0.003 rows=1 loops=1)
        Filter: ((id IS NOT NULL) AND (slug = 'boxyhq'::text))
Planning Time: 1.356 ms
Execution Time: 0.124 ms

Seq Scan on "User"  (cost=0.00..1.01 rows=1 width=101) (actual time=0.040..0.040 rows=1 loops=1)
  Filter: (id = '34f3bc0e-e955-400b-892e-395edc6fa727'::text)
Planning Time: 0.351 ms
Execution Time: 0.045 ms
*/
export const getTeamMembers = async (slug: string) => {
  const members = await prisma.teamMember.findMany({
    where: {
      team: {
        slug,
      },
    },
    include: {
      user: {
        select: {
          name: true,
          email: true,
          image: true,
        },
      },
    },
  });

  return members?.map((member) => {
    member.user = normalizeUser(member.user);
    return member;
  });
};

export const updateTeam = async (slug: string, data: Partial<Team>) => {
  return await prisma.team.update({
    where: {
      slug,
    },
    data: data,
  });
};

/*
Aggregate  (cost=124.01..124.02 rows=1 width=8) (actual time=0.216..0.216 rows=1 loops=1)
  ->  Seq Scan on "Team"  (cost=0.00..123.82 rows=15 width=32) (actual time=0.083..0.213 rows=1 loops=1)
        Filter: ((name = 'Stracke, Satterfield and Runolfsdottir'::text) OR (slug = 'stracke,-satterfield-and-runolfsdottir'::text))
        Rows Removed by Filter: 49
Planning Time: 0.288 ms
Execution Time: 0.233 ms

Aggregate  (cost=8.18..8.19 rows=1 width=8) (actual time=0.132..0.132 rows=1 loops=1)
  ->  Index Only Scan using "Team_slug_key" on "Team"  (cost=0.15..8.17 rows=1 width=32) (actual time=0.128..0.128 rows=1 loops=1)
        Index Cond: (slug = 'stracke,-satterfield-and-runolfsdottir'::text)
        Heap Fetches: 1
Planning Time: 0.548 ms
Execution Time: 0.182 ms
*/

/*
SELECT COUNT(*) FROM 
  (
    SELECT "public"."Team"."id" FROM "public"."Team" 
    WHERE "public"."Team"."slug" = $1 OFFSET $2
  ) AS "sub"
*/

/*
Aggregate  (cost=1.02..1.03 rows=1 width=8) (actual time=0.019..0.020 rows=1 loops=1)
  ->  Seq Scan on "Team"  (cost=0.00..1.01 rows=1 width=32) (actual time=0.013..0.014 rows=1 loops=1)
        Filter: (slug = 'boxyhq'::text)
        Rows Removed by Filter: 3
Planning Time: 0.352 ms
Execution Time: 0.055 ms
*/
export const isTeamExists = async (slug: string) => {
  return await prisma.team.count({
    where: {
      slug,
    },
  });
};

// Check if the current user has access to the team
// Should be used in API routes to check if the user has access to the team
export const throwIfNoTeamAccess = async (
  req: NextApiRequest,
  res: NextApiResponse
) => {
  const session = await getSession(req, res);

  if (!session) {
    throw new Error('Unauthorized');
  }

  const { slug } = validateWithSchema(teamSlugSchema, req.query);

  const teamMember = await getTeamMember(session.user.id, slug);

  if (!teamMember) {
    throw new Error('You do not have access to this team');
  }

  return {
    ...teamMember,
    user: {
      ...session.user,
    },
  };
};

/*
Limit  (cost=0.44..16.82 rows=1 width=159) (actual time=0.009..0.010 rows=0 loops=1)
  ->  Nested Loop  (cost=0.44..16.82 rows=1 width=159) (actual time=0.009..0.009 rows=0 loops=1)
        ->  Index Scan using "Team_slug_key" on "Team" j1  (cost=0.15..8.17 rows=1 width=32) (actual time=0.008..0.009 rows=0 loops=1)
              Index Cond: (slug = 'boxyhq'::text)
              Filter: (id IS NOT NULL)
        ->  Index Scan using "TeamMember_teamId_userId_key" on "TeamMember"  (cost=0.28..8.32 rows=1 width=131) (never executed)
              Index Cond: (("teamId" = j1.id) AND ("userId" = '5de1dfe6-edc0-4ef8-9858-0f7250b1022e'::text))
              Filter: (role = ANY (ARRAY[('ADMIN'::cstring)::"Role", ('MEMBER'::cstring)::"Role", ('OWNER'::cstring)::"Role"]))
Planning Time: 1.073 ms
Execution Time: 0.047 ms

Index Scan using "Team_pkey" on "Team"  (cost=0.15..8.18 rows=1 width=176) (actual time=0.092..0.094 rows=1 loops=1)
  Index Cond: (id = '386a5102-0427-403a-b6c1-877de86d1ce0'::text)
Planning Time: 0.487 ms
Execution Time: 0.133 ms
*/

/*
SELECT 
    "public"."TeamMember"."id", 
    "public"."TeamMember"."teamId", 
    "public"."TeamMember"."userId", 
    "public"."TeamMember"."role"::text, 
    "public"."TeamMember"."createdAt", 
    "public"."TeamMember"."updatedAt" 
FROM "public"."TeamMember" LEFT JOIN "public"."Team" AS "j1" ON ("j1"."id") = ("public"."TeamMember"."teamId") 
WHERE (
    "public"."TeamMember"."userId" = '34f3bc0e-e955-400b-892e-395edc6fa727' AND 
        (
            "j1"."slug" = 'boxyhq' AND ("j1"."id" IS NOT NULL)
        ) AND "public"."TeamMember"."role" IN 
            (CAST('ADMIN'::text AS "public"."Role"),CAST('MEMBER'::text AS "public"."Role"),CAST('OWNER'::text AS "public"."Role")
        )
    ) 
LIMIT 1 OFFSET 0;

SELECT 
    "public"."Team"."id", 
    "public"."Team"."name", 
    "public"."Team"."slug", 
    "public"."Team"."domain", 
    "public"."Team"."defaultRole"::text, 
    "public"."Team"."createdAt", 
    "public"."Team"."updatedAt" 
FROM "public"."Team" 
WHERE "public"."Team"."id" IN ('386a5102-0427-403a-b6c1-877de86d1ce0') 
OFFSET 0;
*/

/*
Limit  (cost=0.00..2.06 rows=1 width=159) (actual time=0.049..0.050 rows=1 loops=1)
  ->  Nested Loop  (cost=0.00..2.06 rows=1 width=159) (actual time=0.049..0.049 rows=1 loops=1)
        Join Filter: ("TeamMember"."teamId" = j1.id)
        ->  Seq Scan on "TeamMember"  (cost=0.00..1.03 rows=1 width=131) (actual time=0.009..0.009 rows=1 loops=1)
              Filter: (("userId" = '34f3bc0e-e955-400b-892e-395edc6fa727'::text) AND (role = ANY (ARRAY[('ADMIN'::cstring)::"Role", ('MEMBER'::cstring)::"Role", ('OWNER'::cstring)::"Role"])))
        ->  Seq Scan on "Team" j1  (cost=0.00..1.01 rows=1 width=37) (actual time=0.009..0.009 rows=1 loops=1)
              Filter: ((id IS NOT NULL) AND (slug = 'boxyhq'::text))
Planning Time: 1.513 ms
Execution Time: 0.119 ms

Seq Scan on "Team"  (cost=0.00..1.02 rows=1 width=131) (actual time=0.041..0.042 rows=1 loops=1)
  Filter: (id = '7974330a-c8ca-4043-9e3c-3f326d1b6973'::text)
  Rows Removed by Filter: 3
Planning Time: 0.457 ms
Execution Time: 0.050 ms
*/

// Get the current user's team member object
export const getTeamMember = async (userId: string, slug: string) => {
  return await prisma.teamMember.findFirstOrThrow({
    where: {
      userId,
      team: {
        slug,
      },
      role: {
        in: ['ADMIN', 'MEMBER', 'OWNER'],
      },
    },
    include: {
      team: true,
    },
  });
};

// Get current user with team info
export const getCurrentUserWithTeam = async (
  req: NextApiRequest,
  res: NextApiResponse
) => {
  const user = await getCurrentUser(req, res);

  const { slug } = validateWithSchema(teamSlugSchema, req.query);

  const { role, team } = await getTeamMember(user.id, slug);

  return {
    ...user,
    role,
    team,
  };
};
